Determining if the function pthread_create exists in the pthreads failed with the following output:
Change Dir: /home/william/Package/0.3.x/0.3.2/zhockon.src/CMakeFiles/CMakeTmp

Run Build Command:/usr/bin/gmake "cmTryCompileExec/fast"
gmake[1]: Entrando no diret贸rio `/home/william/Package/0.3.x/0.3.2/zhockon.src/CMakeFiles/CMakeTmp'
/usr/bin/gmake -f CMakeFiles/cmTryCompileExec.dir/build.make CMakeFiles/cmTryCompileExec.dir/build
gmake[2]: Entrando no diret贸rio `/home/william/Package/0.3.x/0.3.2/zhockon.src/CMakeFiles/CMakeTmp'
/usr/bin/cmake -E cmake_progress_report /home/william/Package/0.3.x/0.3.2/zhockon.src/CMakeFiles/CMakeTmp/CMakeFiles 1
Building C object CMakeFiles/cmTryCompileExec.dir/CheckFunctionExists.c.o
/usr/bin/gcc   -DCHECK_FUNCTION_EXISTS=pthread_create   -o CMakeFiles/cmTryCompileExec.dir/CheckFunctionExists.c.o   -c /usr/share/cmake/Modules/CheckFunctionExists.c
Linking C executable cmTryCompileExec
/usr/bin/cmake -E cmake_link_script CMakeFiles/cmTryCompileExec.dir/link.txt --verbose=1
/usr/bin/gcc     -DCHECK_FUNCTION_EXISTS=pthread_create   CMakeFiles/cmTryCompileExec.dir/CheckFunctionExists.c.o  -o cmTryCompileExec -rdynamic -lpthreads 
/usr/lib64/gcc/x86_64-suse-linux/4.5/../../../../x86_64-suse-linux/bin/ld: cannot find -lpthreads
collect2: ld returned 1 exit status
gmake[2]: ** [cmTryCompileExec] Erro 1
gmake[2]: Saindo do diret贸rio `/home/william/Package/0.3.x/0.3.2/zhockon.src/CMakeFiles/CMakeTmp'
gmake[1]: ** [cmTryCompileExec/fast] Erro 2
gmake[1]: Saindo do diret贸rio `/home/william/Package/0.3.x/0.3.2/zhockon.src/CMakeFiles/CMakeTmp'


Determining if files pthread.h exist failed with the following output:
Change Dir: C:/Users/Caokzu/Package/src/zhockon_0.3.2/CMakeFiles/CMakeTmp

Run Build Command:c:\PROGRA~2\MICROS~2.0\Common7\IDE\devenv.com CMAKE_TRY_COMPILE.sln /build Debug /project cmTryCompileExec

Microsoft (R) Visual Studio Version 10.0.30319.1.
Copyright (C) Microsoft Corp. All rights reserved.
------ Build started: Project: cmTryCompileExec, Configuration: Debug Win32 ------
Build started 30/07/2011 07:01:47.
InitializeBuildStatus:
  Creating "cmTryCompileExec.dir\Debug\cmTryCompileExec.unsuccessfulbuild" because "AlwaysCreate" was specified.
ClCompile:
  CheckIncludeFiles.c
C:\Users\Caokzu\Package\src\zhockon_0.3.2\CMakeFiles\CMakeTmp\CheckIncludeFiles.c(2): fatal error C1083: Cannot open include file: 'pthread.h': No such file or directory

Build FAILED.

Time Elapsed 00:00:00.82
========== Build: 0 succeeded, 1 failed, 0 up-to-date, 0 skipped ==========

Source:
/* */
#include <pthread.h>


int main(){return 0;}

